<?xml version="1.0" encoding="UTF-8"?>
<!-- Generated by org.testng.reporters.JUnitXMLReporter -->
<testsuite hostname="hp-PC" ignored="0" name="Default test" tests="8" failures="0" timestamp="12 Jul 2019 07:45:23 GMT" time="210.248" errors="0">
  <testcase name="clickAndAlertTest" time="0.352" classname="com.crm.qa.testcases.ContactPageTest"/>
  <testcase name="clickLogoutTest" time="1.409" classname="com.crm.qa.testcases.ContactPageTest"/>
  <testcase name="clickNewTest" time="1.541" classname="com.crm.qa.testcases.ContactPageTest"/>
  <testcase name="newContactTest" time="5.218" classname="com.crm.qa.testcases.ContactPageTest"/>
  <testcase name="newContactTest" time="4.595" classname="com.crm.qa.testcases.ContactPageTest"/>
  <testcase name="newContactTest" time="3.822" classname="com.crm.qa.testcases.ContactPageTest"/>
  <testcase name="newContactTest" time="3.109" classname="com.crm.qa.testcases.ContactPageTest"/>
  <testcase name="newContactTest" time="4.126" classname="com.crm.qa.testcases.ContactPageTest"/>
</testsuite> <!-- Default test -->
