<?xml version="1.0" encoding="UTF-8"?>
<testng-results skipped="0" failed="0" total="14" passed="14">
  <reporter-output>
  </reporter-output>
  <suite name="FREE CRM APPLICATION AUTOMATION TEST" duration-ms="451507" started-at="2019-11-30T23:32:54Z" finished-at="2019-11-30T23:40:26Z">
    <groups>
    </groups>
    <test name="HOME PAGE TEST" duration-ms="116015" started-at="2019-11-30T23:35:10Z" finished-at="2019-11-30T23:37:06Z">
      <class name="com.crm.qa.testcases.HomePageTest">
        <test-method status="PASS" signature="setUp()" name="setUp" is-config="true" duration-ms="31179" started-at="2019-11-30T23:35:10Z" finished-at="2019-11-30T23:35:42Z">
        </test-method>
        <test-method status="PASS" signature="verifyHomePageTitleTest()" name="verifyHomePageTitleTest" duration-ms="13" started-at="2019-11-30T23:35:42Z" finished-at="2019-11-30T23:35:42Z">
        </test-method>
        <test-method status="PASS" signature="shutDown()" name="shutDown" is-config="true" duration-ms="679" started-at="2019-11-30T23:35:42Z" finished-at="2019-11-30T23:35:42Z">
        </test-method>
        <test-method status="PASS" signature="setUp()" name="setUp" is-config="true" duration-ms="30919" started-at="2019-11-30T23:35:42Z" finished-at="2019-11-30T23:36:13Z">
        </test-method>
        <test-method status="PASS" signature="validateUserNameOnHomePage()" name="validateUserNameOnHomePage" duration-ms="2908" started-at="2019-11-30T23:36:13Z" finished-at="2019-11-30T23:36:16Z">
        </test-method>
        <test-method status="PASS" signature="shutDown()" name="shutDown" is-config="true" duration-ms="652" started-at="2019-11-30T23:36:16Z" finished-at="2019-11-30T23:36:17Z">
        </test-method>
        <test-method status="PASS" signature="setUp()" name="setUp" is-config="true" duration-ms="17524" started-at="2019-11-30T23:36:17Z" finished-at="2019-11-30T23:36:34Z">
        </test-method>
        <test-method status="PASS" signature="verifyContactLinkTest()" name="verifyContactLinkTest" duration-ms="2545" started-at="2019-11-30T23:36:34Z" finished-at="2019-11-30T23:36:37Z">
        </test-method>
        <test-method status="PASS" signature="shutDown()" name="shutDown" is-config="true" duration-ms="670" started-at="2019-11-30T23:36:37Z" finished-at="2019-11-30T23:36:38Z">
        </test-method>
        <test-method status="PASS" signature="setUp()" name="setUp" is-config="true" duration-ms="23530" started-at="2019-11-30T23:36:38Z" finished-at="2019-11-30T23:37:01Z">
        </test-method>
        <test-method status="PASS" signature="verifySettingTab()" name="verifySettingTab" duration-ms="4730" started-at="2019-11-30T23:37:01Z" finished-at="2019-11-30T23:37:06Z">
        </test-method>
        <test-method status="PASS" signature="shutDown()" name="shutDown" is-config="true" duration-ms="656" started-at="2019-11-30T23:37:06Z" finished-at="2019-11-30T23:37:06Z">
        </test-method>
      </class>
    </test>
    <test name="CONTACT PAGE TEST" duration-ms="199373" started-at="2019-11-30T23:37:06Z" finished-at="2019-11-30T23:40:26Z">
      <class name="com.crm.qa.testcases.ContactPageTest">
        <test-method status="PASS" signature="setUp()" name="setUp" is-config="true" duration-ms="25105" started-at="2019-11-30T23:37:07Z" finished-at="2019-11-30T23:37:32Z">
        </test-method>
        <test-method status="PASS" signature="clickAndAlertTest()" name="clickAndAlertTest" duration-ms="314" started-at="2019-11-30T23:37:32Z" finished-at="2019-11-30T23:37:32Z">
        </test-method>
        <test-method status="PASS" signature="shutDown()" name="shutDown" is-config="true" duration-ms="639" started-at="2019-11-30T23:37:32Z" finished-at="2019-11-30T23:37:33Z">
        </test-method>
        <test-method status="PASS" signature="setUp()" name="setUp" is-config="true" duration-ms="29483" started-at="2019-11-30T23:37:33Z" finished-at="2019-11-30T23:38:02Z">
        </test-method>
        <test-method status="PASS" signature="clickLogoutTest()" name="clickLogoutTest" duration-ms="956" started-at="2019-11-30T23:38:02Z" finished-at="2019-11-30T23:38:03Z">
        </test-method>
        <test-method status="PASS" signature="shutDown()" name="shutDown" is-config="true" duration-ms="665" started-at="2019-11-30T23:38:03Z" finished-at="2019-11-30T23:38:04Z">
        </test-method>
        <test-method status="PASS" signature="setUp()" name="setUp" is-config="true" duration-ms="23764" started-at="2019-11-30T23:38:04Z" finished-at="2019-11-30T23:38:27Z">
        </test-method>
        <test-method status="PASS" signature="clickNewTest()" name="clickNewTest" duration-ms="1952" started-at="2019-11-30T23:38:27Z" finished-at="2019-11-30T23:38:29Z">
        </test-method>
        <test-method status="PASS" signature="shutDown()" name="shutDown" is-config="true" duration-ms="665" started-at="2019-11-30T23:38:29Z" finished-at="2019-11-30T23:38:30Z">
        </test-method>
        <test-method status="PASS" signature="setUp()" name="setUp" is-config="true" duration-ms="25084" started-at="2019-11-30T23:38:32Z" finished-at="2019-11-30T23:38:57Z">
        </test-method>
        <test-method status="PASS" signature="newContactTest(java.lang.String, java.lang.String, java.lang.String)" name="newContactTest" duration-ms="13165" started-at="2019-11-30T23:38:57Z" finished-at="2019-11-30T23:39:10Z">
          <params>
            <param index="0">
              <value>
                <![CDATA[kunal]]>
              </value>
            </param>
            <param index="1">
              <value>
                <![CDATA[aggarwal]]>
              </value>
            </param>
            <param index="2">
              <value>
                <![CDATA[microsoft]]>
              </value>
            </param>
          </params>
        </test-method>
        <test-method status="PASS" signature="shutDown()" name="shutDown" is-config="true" duration-ms="668" started-at="2019-11-30T23:39:10Z" finished-at="2019-11-30T23:39:11Z">
        </test-method>
        <test-method status="PASS" signature="setUp()" name="setUp" is-config="true" duration-ms="21509" started-at="2019-11-30T23:39:11Z" finished-at="2019-11-30T23:39:32Z">
        </test-method>
        <test-method status="PASS" signature="newContactTest(java.lang.String, java.lang.String, java.lang.String)" name="newContactTest" duration-ms="13889" started-at="2019-11-30T23:39:32Z" finished-at="2019-11-30T23:39:46Z">
          <params>
            <param index="0">
              <value>
                <![CDATA[ashit]]>
              </value>
            </param>
            <param index="1">
              <value>
                <![CDATA[jhingan]]>
              </value>
            </param>
            <param index="2">
              <value>
                <![CDATA[microsoft]]>
              </value>
            </param>
          </params>
        </test-method>
        <test-method status="PASS" signature="shutDown()" name="shutDown" is-config="true" duration-ms="663" started-at="2019-11-30T23:39:46Z" finished-at="2019-11-30T23:39:47Z">
        </test-method>
        <test-method status="PASS" signature="setUp()" name="setUp" is-config="true" duration-ms="24885" started-at="2019-11-30T23:39:47Z" finished-at="2019-11-30T23:40:12Z">
        </test-method>
        <test-method status="PASS" signature="newContactTest(java.lang.String, java.lang.String, java.lang.String)" name="newContactTest" duration-ms="13205" started-at="2019-11-30T23:40:12Z" finished-at="2019-11-30T23:40:25Z">
          <params>
            <param index="0">
              <value>
                <![CDATA[abhishek]]>
              </value>
            </param>
            <param index="1">
              <value>
                <![CDATA[jain]]>
              </value>
            </param>
            <param index="2">
              <value>
                <![CDATA[microsoft]]>
              </value>
            </param>
          </params>
        </test-method>
        <test-method status="PASS" signature="shutDown()" name="shutDown" is-config="true" duration-ms="796" started-at="2019-11-30T23:40:25Z" finished-at="2019-11-30T23:40:26Z">
        </test-method>
      </class>
    </test>
    <test name="LOGIN PAGE TEST" duration-ms="136029" started-at="2019-11-30T23:32:54Z" finished-at="2019-11-30T23:35:10Z">
      <class name="com.crm.qa.testcases.LoginPageTest">
        <test-method status="PASS" signature="setUp()" name="setUp" is-config="true" duration-ms="21026" started-at="2019-11-30T23:32:54Z" finished-at="2019-11-30T23:33:15Z">
        </test-method>
        <test-method status="PASS" signature="verifyLoginPageTitleTest()" name="verifyLoginPageTitleTest" duration-ms="54" started-at="2019-11-30T23:33:15Z" finished-at="2019-11-30T23:33:15Z">
        </test-method>
        <test-method status="PASS" signature="shutDown()" name="shutDown" is-config="true" duration-ms="884" started-at="2019-11-30T23:33:15Z" finished-at="2019-11-30T23:33:16Z">
        </test-method>
        <test-method status="PASS" signature="setUp()" name="setUp" is-config="true" duration-ms="16631" started-at="2019-11-30T23:33:16Z" finished-at="2019-11-30T23:33:33Z">
        </test-method>
        <test-method status="PASS" signature="signupLinkTest()" name="signupLinkTest" duration-ms="6265" started-at="2019-11-30T23:33:33Z" finished-at="2019-11-30T23:33:39Z">
        </test-method>
        <test-method status="PASS" signature="shutDown()" name="shutDown" is-config="true" duration-ms="659" started-at="2019-11-30T23:33:39Z" finished-at="2019-11-30T23:33:40Z">
        </test-method>
        <test-method status="PASS" signature="setUp()" name="setUp" is-config="true" duration-ms="18973" started-at="2019-11-30T23:33:40Z" finished-at="2019-11-30T23:33:59Z">
        </test-method>
        <test-method status="PASS" signature="loginFirstBtnTest()" name="loginFirstBtnTest" duration-ms="19169" started-at="2019-11-30T23:33:59Z" finished-at="2019-11-30T23:34:18Z">
        </test-method>
        <test-method status="PASS" signature="shutDown()" name="shutDown" is-config="true" duration-ms="642" started-at="2019-11-30T23:34:18Z" finished-at="2019-11-30T23:34:19Z">
        </test-method>
        <test-method status="PASS" signature="setUp()" name="setUp" is-config="true" duration-ms="24977" started-at="2019-11-30T23:34:19Z" finished-at="2019-11-30T23:34:44Z">
        </test-method>
        <test-method status="PASS" signature="loginTest()" name="loginTest" duration-ms="26068" started-at="2019-11-30T23:34:44Z" finished-at="2019-11-30T23:35:10Z">
        </test-method>
        <test-method status="PASS" signature="shutDown()" name="shutDown" is-config="true" duration-ms="650" started-at="2019-11-30T23:35:10Z" finished-at="2019-11-30T23:35:10Z">
        </test-method>
      </class>
    </test>
  </suite>
</testng-results>
